#
# There is insufficient memory for the Java Runtime Environment to continue.
# Native memory allocation (malloc) failed to allocate 88604672 bytes for committing reserved memory.
# Possible reasons:
#   The system is out of physical RAM or swap space
#   In 32 bit mode, the process size limit was hit
# Possible solutions:
#   Reduce memory load on the system
#   Increase physical memory or swap space
#   Check if swap backing store is full
#   Use 64 bit Java on a 64 bit OS
#   Decrease Java heap size (-Xmx/-Xms)
#   Decrease number of Java threads
#   Decrease Java thread stack sizes (-Xss)
#   Set larger code cache with -XX:ReservedCodeCacheSize=
# This output file may be truncated or incomplete.
#
#  Out of Memory Error (os_linux.cpp:2761), pid=17409, tid=1746443072
#
# JRE version: OpenJDK Runtime Environment (7.0_51) (build 1.7.0_51-b00)
# Java VM: OpenJDK Server VM (24.45-b08 mixed mode linux-x86 )
# Failed to write core dump. Core dumps have been disabled. To enable core dumping, try "ulimit -c unlimited" before starting Java again
#

---------------  T H R E A D  ---------------

Current thread (0x68010400):  VMThread [stack: 0x68109000,0x6818a000] [id=17418]

Stack: [0x68109000,0x6818a000]
VM_Operation (0xb6617c68): ParallelGCFailedAllocation, mode: safepoint, requested by thread 0xb6409c00


---------------  P R O C E S S  ---------------

Java Threads: ( => current thread )
  0x6802b400 JavaThread "Service Thread" daemon [_thread_blocked, id=17424, stack(0x67bba000,0x67c0b000)]
  0x68029800 JavaThread "C2 CompilerThread1" daemon [_thread_blocked, id=17423, stack(0x67c0b000,0x67c8c000)]
  0x68027800 JavaThread "C2 CompilerThread0" daemon [_thread_blocked, id=17422, stack(0x67c8c000,0x67d0d000)]
  0x68025c00 JavaThread "Signal Dispatcher" daemon [_thread_blocked, id=17421, stack(0x67d0d000,0x67d5e000)]
  0x68014400 JavaThread "Finalizer" daemon [_thread_blocked, id=17420, stack(0x67f5e000,0x67faf000)]
  0x68012c00 JavaThread "Reference Handler" daemon [_thread_blocked, id=17419, stack(0x67faf000,0x68000000)]
  0xb6409c00 JavaThread "main" [_thread_blocked, id=17415, stack(0xb65c8000,0xb6619000)]

Other Threads:
=>0x68010400 VMThread [stack: 0x68109000,0x6818a000] [id=17418]
  0x6802d000 WatcherThread [stack: 0x67b39000,0x67bba000] [id=17425]

VM state:at safepoint (normal execution)

VM Mutex/Monitor currently owned by a thread:  ([mutex/lock_event])
[0xb6407508] Threads_lock - owner thread: 0x68010400
[0xb6407918] Heap_lock - owner thread: 0xb6409c00

Heap
 PSYoungGen      total 225024K, used 12338K [0x9ddc0000, 0xadec0000, 0xb3340000)
  eden space 211968K, 0% used [0x9ddc0000,0x9ddc0000,0xaacc0000)
  from space 13056K, 94% used [0xaacc0000,0xab8cc8f8,0xab980000)
  to   space 12544K, 0% used [0xab980000,0xab980000,0xac5c0000)
 ParOldGen       total 48384K, used 30082K [0x73340000, 0x76280000, 0x9ddc0000)
  object space 48384K, 62% used [0x73340000,0x750a0990,0x76280000)
 PSPermGen       total 16384K, used 5122K [0x6b340000, 0x6c340000, 0x73340000)
  object space 16384K, 31% used [0x6b340000,0x6b840968,0x6c340000)

Card table byte_map: [0x6b0ff000,0x6b340000] byte_map_base: 0x6ada5600

Polling page: 0xb7780000

Code Cache  [0xb3400000, 0xb3660000, 0xb6400000)
 total_blobs=1030 nmethods=898 adapters=86 free_code_cache=46762Kb largest_free_block=47859904

Compilation events (10 events):
Event: 13.679 Thread 0x68029800  925             java.lang.Math::min (46 bytes)
Event: 13.679 Thread 0x68029800 nmethod 925 0xb35d0a08 code [0xb35d0ae0, 0xb35d0b70]
Event: 13.889 Thread 0x68029800  926             java.lang.Integer::bitCount (49 bytes)
Event: 13.890 Thread 0x68029800 nmethod 926 0xb36564c8 code [0xb36565a0, 0xb3656610]
Event: 13.895 Thread 0x68027800  927             java.util.HashMap::roundUpToPowerOf2 (42 bytes)
Event: 13.896 Thread 0x68027800 nmethod 927 0xb3659188 code [0xb3659260, 0xb3659330]
Event: 13.897 Thread 0x68027800  928             java.lang.Integer::highestOneBit (38 bytes)
Event: 13.897 Thread 0x68027800 nmethod 928 0xb3659008 code [0xb36590e0, 0xb3659130]
Event: 15.468 Thread 0x68027800  929             com.android.dex.EncodedValue::writeTo (9 bytes)
Event: 15.470 Thread 0x68027800 nmethod 929 0xb3658b08 code [0xb3658c20, 0xb3658d90]

GC Heap History (10 events):
Event: 12.233 GC heap after
Heap after GC invocations=9 (full 0):
 PSYoungGen      total 107520K, used 5352K [0x9ddc0000, 0xa8940000, 0xb3340000)
  eden space 97536K, 0% used [0x9ddc0000,0x9ddc0000,0xa3d00000)
  from space 9984K, 53% used [0xa3d00000,0xa423a3d8,0xa46c0000)
  to   space 9728K, 0% used [0xa7fc0000,0xa7fc0000,0xa8940000)
 ParOldGen       total 32256K, used 22518K [0x73340000, 0x752c0000, 0x9ddc0000)
  object space 32256K, 69% used [0x73340000,0x7493d840,0x752c0000)
 PSPermGen       total 16384K, used 5115K [0x6b340000, 0x6c340000, 0x73340000)
  object space 16384K, 31% used [0x6b340000,0x6b83ef98,0x6c340000)
}
Event: 12.728 GC heap before
{Heap before GC invocations=10 (full 0):
 PSYoungGen      total 107520K, used 102888K [0x9ddc0000, 0xa8940000, 0xb3340000)
  eden space 97536K, 100% used [0x9ddc0000,0xa3d00000,0xa3d00000)
  from space 9984K, 53% used [0xa3d00000,0xa423a3d8,0xa46c0000)
  to   space 9728K, 0% used [0xa7fc0000,0xa7fc0000,0xa8940000)
 ParOldGen       total 32256K, used 22518K [0x73340000, 0x752c0000, 0x9ddc0000)
  object space 32256K, 69% used [0x73340000,0x7493d840,0x752c0000)
 PSPermGen       total 16384K, used 5119K [0x6b340000, 0x6c340000, 0x73340000)
  object space 16384K, 31% used [0x6b340000,0x6b83ffe0,0x6c340000)
Event: 12.747 GC heap after
Heap after GC invocations=10 (full 0):
 PSYoungGen      total 162816K, used 9718K [0x9ddc0000, 0xa8f40000, 0xb3340000)
  eden space 153088K, 0% used [0x9ddc0000,0x9ddc0000,0xa7340000)
  from space 9728K, 99% used [0xa7fc0000,0xa893db70,0xa8940000)
  to   space 12800K, 0% used [0xa7340000,0xa7340000,0xa7fc0000)
 ParOldGen       total 32256K, used 28168K [0x73340000, 0x752c0000, 0x9ddc0000)
  object space 32256K, 87% used [0x73340000,0x74ec2098,0x752c0000)
 PSPermGen       total 16384K, used 5119K [0x6b340000, 0x6c340000, 0x73340000)
  object space 16384K, 31% used [0x6b340000,0x6b83ffe0,0x6c340000)
}
Event: 12.792 GC heap before
{Heap before GC invocations=11 (full 1):
 PSYoungGen      total 162816K, used 9718K [0x9ddc0000, 0xa8f40000, 0xb3340000)
  eden space 153088K, 0% used [0x9ddc0000,0x9ddc0000,0xa7340000)
  from space 9728K, 99% used [0xa7fc0000,0xa893db70,0xa8940000)
  to   space 12800K, 0% used [0xa7340000,0xa7340000,0xa7fc0000)
 ParOldGen       total 32256K, used 28168K [0x73340000, 0x752c0000, 0x9ddc0000)
  object space 32256K, 87% used [0x73340000,0x74ec2098,0x752c0000)
 PSPermGen       total 16384K, used 5119K [0x6b340000, 0x6c340000, 0x73340000)
  object space 16384K, 31% used [0x6b340000,0x6b83ffe0,0x6c340000)
Event: 12.997 GC heap after
Heap after GC invocations=11 (full 1):
 PSYoungGen      total 162816K, used 0K [0x9ddc0000, 0xa8f40000, 0xb3340000)
  eden space 153088K, 0% used [0x9ddc0000,0x9ddc0000,0xa7340000)
  from space 9728K, 0% used [0xa7fc0000,0xa7fc0000,0xa8940000)
  to   space 12800K, 0% used [0xa7340000,0xa7340000,0xa7fc0000)
 ParOldGen       total 48384K, used 25476K [0x73340000, 0x76280000, 0x9ddc0000)
  object space 48384K, 52% used [0x73340000,0x74c21100,0x76280000)
 PSPermGen       total 16384K, used 5117K [0x6b340000, 0x6c340000, 0x73340000)
  object space 16384K, 31% used [0x6b340000,0x6b83f548,0x6c340000)
}
Event: 13.565 GC heap before
{Heap before GC invocations=12 (full 1):
 PSYoungGen      total 162816K, used 153088K [0x9ddc0000, 0xa8f40000, 0xb3340000)
  eden space 153088K, 100% used [0x9ddc0000,0xa7340000,0xa7340000)
  from space 9728K, 0% used [0xa7fc0000,0xa7fc0000,0xa8940000)
  to   space 12800K, 0% used [0xa7340000,0xa7340000,0xa7fc0000)
 ParOldGen       total 48384K, used 25476K [0x73340000, 0x76280000, 0x9ddc0000)
  object space 48384K, 52% used [0x73340000,0x74c21100,0x76280000)
 PSPermGen       total 16384K, used 5118K [0x6b340000, 0x6c340000, 0x73340000)
  object space 16384K, 31% used [0x6b340000,0x6b83fad8,0x6c340000)
Event: 13.576 GC heap after
Heap after GC invocations=12 (full 1):
 PSYoungGen      total 165888K, used 7684K [0x9ddc0000, 0xac5c0000, 0xb3340000)
  eden space 153088K, 0% used [0x9ddc0000,0x9ddc0000,0xa7340000)
  from space 12800K, 60% used [0xa7340000,0xa7ac1300,0xa7fc0000)
  to   space 12544K, 0% used [0xab980000,0xab980000,0xac5c0000)
 ParOldGen       total 48384K, used 25476K [0x73340000, 0x76280000, 0x9ddc0000)
  object space 48384K, 52% used [0x73340000,0x74c21100,0x76280000)
 PSPermGen       total 16384K, used 5118K [0x6b340000, 0x6c340000, 0x73340000)
  object space 16384K, 31% used [0x6b340000,0x6b83fad8,0x6c340000)
}
Event: 14.108 GC heap before
{Heap before GC invocations=13 (full 1):
 PSYoungGen      total 165888K, used 160772K [0x9ddc0000, 0xac5c0000, 0xb3340000)
  eden space 153088K, 100% used [0x9ddc0000,0xa7340000,0xa7340000)
  from space 12800K, 60% used [0xa7340000,0xa7ac1300,0xa7fc0000)
  to   space 12544K, 0% used [0xab980000,0xab980000,0xac5c0000)
 ParOldGen       total 48384K, used 25476K [0x73340000, 0x76280000, 0x9ddc0000)
  object space 48384K, 52% used [0x73340000,0x74c21100,0x76280000)
 PSPermGen       total 16384K, used 5121K [0x6b340000, 0x6c340000, 0x73340000)
  object space 16384K, 31% used [0x6b340000,0x6b8407e8,0x6c340000)
Event: 14.853 GC heap after
Heap after GC invocations=13 (full 1):
 PSYoungGen      total 224512K, used 9875K [0x9ddc0000, 0xadec0000, 0xb3340000)
  eden space 211968K, 0% used [0x9ddc0000,0x9ddc0000,0xaacc0000)
  from space 12544K, 78% used [0xab980000,0xac324e98,0xac5c0000)
  to   space 13056K, 0% used [0xaacc0000,0xaacc0000,0xab980000)
 ParOldGen       total 48384K, used 30082K [0x73340000, 0x76280000, 0x9ddc0000)
  object space 48384K, 62% used [0x73340000,0x750a0990,0x76280000)
 PSPermGen       total 16384K, used 5121K [0x6b340000, 0x6c340000, 0x73340000)
  object space 16384K, 31% used [0x6b340000,0x6b8407e8,0x6c340000)
}
Event: 20.274 GC heap before
{Heap before GC invocations=14 (full 1):
 PSYoungGen      total 224512K, used 221843K [0x9ddc0000, 0xadec0000, 0xb3340000)
  eden space 211968K, 100% used [0x9ddc0000,0xaacc0000,0xaacc0000)
  from space 12544K, 78% used [0xab980000,0xac324e98,0xac5c0000)
  to   space 13056K, 0% used [0xaacc0000,0xaacc0000,0xab980000)
 ParOldGen       total 48384K, used 30082K [0x73340000, 0x76280000, 0x9ddc0000)
  object space 48384K, 62% used [0x73340000,0x750a0990,0x76280000)
 PSPermGen       total 16384K, used 5122K [0x6b340000, 0x6c340000, 0x73340000)
  object space 16384K, 31% used [0x6b340000,0x6b840968,0x6c340000)

Deoptimization events (10 events):
Event: 11.292 Thread 0xb6409c00 Uncommon trap: reason=array_check action=maybe_recompile pc=0xb35f2130 method=java.util.ComparableTimSort.binarySort([Ljava/lang/Object;III)V @ 193
Event: 11.323 Thread 0xb6409c00 Uncommon trap: reason=array_check action=maybe_recompile pc=0xb360a2d4 method=java.util.TimSort.binarySort([Ljava/lang/Object;IIILjava/util/Comparator;)V @ 193
Event: 11.324 Thread 0xb6409c00 Uncommon trap: reason=array_check action=maybe_recompile pc=0xb360a34c method=java.util.TimSort.binarySort([Ljava/lang/Object;IIILjava/util/Comparator;)V @ 183
Event: 11.324 Thread 0xb6409c00 Uncommon trap: reason=array_check action=maybe_recompile pc=0xb360a2d4 method=java.util.TimSort.binarySort([Ljava/lang/Object;IIILjava/util/Comparator;)V @ 193
Event: 11.324 Thread 0xb6409c00 Uncommon trap: reason=array_check action=maybe_recompile pc=0xb360a34c method=java.util.TimSort.binarySort([Ljava/lang/Object;IIILjava/util/Comparator;)V @ 183
Event: 11.378 Thread 0xb6409c00 Uncommon trap: reason=array_check action=maybe_recompile pc=0xb360f678 method=java.util.ComparableTimSort.binarySort([Ljava/lang/Object;III)V @ 183
Event: 11.560 Thread 0xb6409c00 Uncommon trap: reason=array_check action=maybe_recompile pc=0xb36246dc method=java.util.TimSort.binarySort([Ljava/lang/Object;IIILjava/util/Comparator;)V @ 215
Event: 11.560 Thread 0xb6409c00 Uncommon trap: reason=array_check action=maybe_recompile pc=0xb36246dc method=java.util.TimSort.binarySort([Ljava/lang/Object;IIILjava/util/Comparator;)V @ 215
Event: 11.646 Thread 0xb6409c00 Uncommon trap: reason=array_check action=maybe_recompile pc=0xb360f678 method=java.util.ComparableTimSort.binarySort([Ljava/lang/Object;III)V @ 183
Event: 12.174 Thread 0xb6409c00 Uncommon trap: reason=unloaded action=reinterpret pc=0xb35b9c3c method=com.android.dx.merge.IndexMap$EncodedValueTransformer.transform(Lcom/android/dex/EncodedValueReader;)V @ 263

Internal exceptions (10 events):
Event: 9.184 Thread 0xb6409c00 Threw 0x9e9d14e8 at /build/buildd/openjdk-7-7u51-2.4.4/build/openjdk/hotspot/src/share/vm/prims/jvm.cpp:1244
Event: 9.184 Thread 0xb6409c00 Threw 0x9e9d3290 at /build/buildd/openjdk-7-7u51-2.4.4/build/openjdk/hotspot/src/share/vm/prims/jvm.cpp:1244
Event: 9.184 Thread 0xb6409c00 Threw 0x9e9d33a8 at /build/buildd/openjdk-7-7u51-2.4.4/build/openjdk/hotspot/src/share/vm/prims/jvm.cpp:1244
Event: 9.184 Thread 0xb6409c00 Threw 0x9e9d3d98 at /build/buildd/openjdk-7-7u51-2.4.4/build/openjdk/hotspot/src/share/vm/prims/jvm.cpp:1244
Event: 9.184 Thread 0xb6409c00 Threw 0x9e9d3eb0 at /build/buildd/openjdk-7-7u51-2.4.4/build/openjdk/hotspot/src/share/vm/prims/jvm.cpp:1244
Event: 9.184 Thread 0xb6409c00 Threw 0x9e9d4f20 at /build/buildd/openjdk-7-7u51-2.4.4/build/openjdk/hotspot/src/share/vm/prims/jvm.cpp:1244
Event: 9.184 Thread 0xb6409c00 Threw 0x9e9d5038 at /build/buildd/openjdk-7-7u51-2.4.4/build/openjdk/hotspot/src/share/vm/prims/jvm.cpp:1244
Event: 9.184 Thread 0xb6409c00 Threw 0x9e9d59a8 at /build/buildd/openjdk-7-7u51-2.4.4/build/openjdk/hotspot/src/share/vm/prims/jvm.cpp:1244
Event: 9.184 Thread 0xb6409c00 Threw 0x9e9d5ac0 at /build/buildd/openjdk-7-7u51-2.4.4/build/openjdk/hotspot/src/share/vm/prims/jvm.cpp:1244
Event: 9.666 Thread 0xb6409c00 Threw 0x9e355fb8 at /build/buildd/openjdk-7-7u51-2.4.4/build/openjdk/hotspot/src/share/vm/prims/jvm.cpp:1244

Events (10 events):
Event: 12.998 Executing VM operation: RevokeBias done
Event: 12.998 Executing VM operation: RevokeBias
Event: 12.998 Executing VM operation: RevokeBias done
Event: 13.523 Thread 0x68029800 flushing nmethod 0xb35d0a08
Event: 13.523 Thread 0x68027800 flushing nmethod 0xb35f95c8
Event: 13.565 Executing VM operation: ParallelGCFailedAllocation
Event: 13.576 Executing VM operation: ParallelGCFailedAllocation done
Event: 14.108 Executing VM operation: ParallelGCFailedAllocation
Event: 14.853 Executing VM operation: ParallelGCFailedAllocation done
Event: 19.825 Executing VM operation: ParallelGCFailedAllocation


Dynamic libraries:
08048000-08049000 r-xp 00000000 08:01 7741191    /usr/lib/jvm/java-7-openjdk-i386/jre/bin/java
08049000-0804a000 r--p 00000000 08:01 7741191    /usr/lib/jvm/java-7-openjdk-i386/jre/bin/java
0804a000-0804b000 rw-p 00001000 08:01 7741191    /usr/lib/jvm/java-7-openjdk-i386/jre/bin/java
08157000-08bc2000 rw-p 00000000 00:00 0          [heap]
66900000-669ea000 rw-p 00000000 00:00 0 
669ea000-66a00000 ---p 00000000 00:00 0 
66b00000-66bf3000 rw-p 00000000 00:00 0 
66bf3000-66c00000 ---p 00000000 00:00 0 
66c00000-66cea000 rw-p 00000000 00:00 0 
66cea000-66d00000 ---p 00000000 00:00 0 
66d00000-66ddf000 rw-p 00000000 00:00 0 
66ddf000-66e00000 ---p 00000000 00:00 0 
66ed4000-66f13000 r-xp 00000000 08:01 6292388    /lib/i386-linux-gnu/libpcre.so.3.13.1
66f13000-66f14000 r--p 0003f000 08:01 6292388    /lib/i386-linux-gnu/libpcre.so.3.13.1
66f14000-66f15000 rw-p 00040000 08:01 6292388    /lib/i386-linux-gnu/libpcre.so.3.13.1
66f15000-66f28000 r-xp 00000000 08:01 6292411    /lib/i386-linux-gnu/libresolv-2.17.so
66f28000-66f29000 r--p 00013000 08:01 6292411    /lib/i386-linux-gnu/libresolv-2.17.so
66f29000-66f2a000 rw-p 00014000 08:01 6292411    /lib/i386-linux-gnu/libresolv-2.17.so
66f2a000-66f2c000 rw-p 00000000 00:00 0 
66f2c000-66f49000 r-xp 00000000 08:01 6292415    /lib/i386-linux-gnu/libselinux.so.1
66f49000-66f4a000 r--p 0001c000 08:01 6292415    /lib/i386-linux-gnu/libselinux.so.1
66f4a000-66f4b000 rw-p 0001d000 08:01 6292415    /lib/i386-linux-gnu/libselinux.so.1
66f4b000-6704a000 r-xp 00000000 08:01 6292322    /lib/i386-linux-gnu/libglib-2.0.so.0.3600.0
6704a000-6704b000 r--p 000fe000 08:01 6292322    /lib/i386-linux-gnu/libglib-2.0.so.0.3600.0
6704b000-6704c000 rw-p 000ff000 08:01 6292322    /lib/i386-linux-gnu/libglib-2.0.so.0.3600.0
6704c000-6709a000 r-xp 00000000 08:01 7607658    /usr/lib/i386-linux-gnu/libgobject-2.0.so.0.3600.0
6709a000-6709b000 r--p 0004d000 08:01 7607658    /usr/lib/i386-linux-gnu/libgobject-2.0.so.0.3600.0
6709b000-6709c000 rw-p 0004e000 08:01 7607658    /usr/lib/i386-linux-gnu/libgobject-2.0.so.0.3600.0
6709c000-671fc000 r-xp 00000000 08:01 7607632    /usr/lib/i386-linux-gnu/libgio-2.0.so.0.3600.0
671fc000-671fe000 r--p 00160000 08:01 7607632    /usr/lib/i386-linux-gnu/libgio-2.0.so.0.3600.0
671fe000-671ff000 rw-p 00162000 08:01 7607632    /usr/lib/i386-linux-gnu/libgio-2.0.so.0.3600.0
671ff000-67200000 rw-p 00000000 00:00 0 
67200000-672f9000 rw-p 00000000 00:00 0 
672f9000-67300000 ---p 00000000 00:00 0 
67300000-673f9000 rw-p 00000000 00:00 0 
673f9000-67400000 ---p 00000000 00:00 0 
67400000-67476000 rw-p 00000000 00:00 0 
67476000-67500000 ---p 00000000 00:00 0 
67500000-675fb000 rw-p 00000000 00:00 0 
675fb000-67600000 ---p 00000000 00:00 0 
67600000-677fe000 rw-p 00000000 00:00 0 
677fe000-67800000 ---p 00000000 00:00 0 
67800000-678fe000 rw-p 00000000 00:00 0 
678fe000-67900000 ---p 00000000 00:00 0 
67900000-679fe000 rw-p 00000000 00:00 0 
679fe000-67a00000 ---p 00000000 00:00 0 
67a00000-67af6000 rw-p 00000000 00:00 0 
67af6000-67b00000 ---p 00000000 00:00 0 
67b1b000-67b20000 r--s 0004c000 08:01 7741220    /usr/lib/jvm/java-7-openjdk-i386/jre/lib/jsse.jar
67b20000-67b37000 r-xp 00000000 08:01 7741260    /usr/lib/jvm/java-7-openjdk-i386/jre/lib/i386/libnet.so
67b37000-67b38000 r--p 00016000 08:01 7741260    /usr/lib/jvm/java-7-openjdk-i386/jre/lib/i386/libnet.so
67b38000-67b39000 rw-p 00017000 08:01 7741260    /usr/lib/jvm/java-7-openjdk-i386/jre/lib/i386/libnet.so
67b39000-67b3a000 ---p 00000000 00:00 0 
67b3a000-67bba000 rw-p 00000000 00:00 0          [stack:17425]
67bba000-67bbd000 ---p 00000000 00:00 0 
67bbd000-67c0b000 rw-p 00000000 00:00 0          [stack:17424]
67c0b000-67c0e000 ---p 00000000 00:00 0 
67c0e000-67c8c000 rw-p 00000000 00:00 0          [stack:17423]
67c8c000-67c8f000 ---p 00000000 00:00 0 
67c8f000-67d0d000 rw-p 00000000 00:00 0          [stack:17422]
67d0d000-67d10000 ---p 00000000 00:00 0 
67d10000-67d5e000 rw-p 00000000 00:00 0          [stack:17421]
67d5e000-67f5e000 r--p 00000000 08:01 7610930    /usr/lib/locale/locale-archive
67f5e000-67f61000 ---p 00000000 00:00 0 
67f61000-67faf000 rw-p 00000000 00:00 0          [stack:17420]
67faf000-67fb2000 ---p 00000000 00:00 0 
67fb2000-68000000 rw-p 00000000 00:00 0          [stack:17419]
68000000-680ff000 rw-p 00000000 00:00 0 
680ff000-68100000 ---p 00000000 00:00 0 
68102000-68107000 r-xp 00000000 08:01 7607549    /usr/lib/i386-linux-gnu/libffi.so.6.0.1
68107000-68108000 r--p 00005000 08:01 7607549    /usr/lib/i386-linux-gnu/libffi.so.6.0.1
68108000-68109000 rw-p 00006000 08:01 7607549    /usr/lib/i386-linux-gnu/libffi.so.6.0.1
68109000-6810a000 ---p 00000000 00:00 0 
6810a000-681d2000 rw-p 00000000 00:00 0          [stack:17418]
681d2000-68380000 r--s 01cf4000 08:01 7741281    /usr/lib/jvm/java-7-openjdk-i386/jre/lib/rt.jar
68380000-6ac00000 rw-p 00000000 00:00 0 
6ac00000-6ad00000 rw-p 00000000 00:00 0 
6ad02000-6ad13000 r-xp 00000000 08:01 7741230    /usr/lib/jvm/java-7-openjdk-i386/jre/lib/i386/libnio.so
6ad13000-6ad14000 r--p 00010000 08:01 7741230    /usr/lib/jvm/java-7-openjdk-i386/jre/lib/i386/libnio.so
6ad14000-6ad15000 rw-p 00011000 08:01 7741230    /usr/lib/jvm/java-7-openjdk-i386/jre/lib/i386/libnio.so
6ad15000-6ad24000 r--s 000dd000 08:01 3543302    /home/pratap/android-sdks/build-tools/22.0.1/lib/dx.jar
6ad24000-6ad7f000 rw-p 00000000 00:00 0 
6ad7f000-6ad80000 ---p 00000000 00:00 0 
6ad80000-6ae00000 rw-p 00000000 00:00 0          [stack:17417]
6ae00000-6ae21000 rw-p 00000000 00:00 0 
6ae21000-6af00000 ---p 00000000 00:00 0 
6af00000-6af03000 r-xp 00000000 08:01 7607642    /usr/lib/i386-linux-gnu/libgmodule-2.0.so.0.3600.0
6af03000-6af04000 r--p 00002000 08:01 7607642    /usr/lib/i386-linux-gnu/libgmodule-2.0.so.0.3600.0
6af04000-6af05000 rw-p 00003000 08:01 7607642    /usr/lib/i386-linux-gnu/libgmodule-2.0.so.0.3600.0
6af06000-6af09000 r--s 00032000 08:01 7741293    /usr/lib/jvm/java-7-openjdk-i386/jre/lib/ext/sunjce_provider.jar
6af09000-6af0d000 r--s 00085000 08:01 7741292    /usr/lib/jvm/java-7-openjdk-i386/jre/lib/ext/localedata.jar
6af0d000-6af28000 rw-p 00000000 00:00 0 
6af28000-6af29000 ---p 00000000 00:00 0 
6af29000-6afc1000 rw-p 00000000 00:00 0          [stack:17416]
6afc1000-6b0ff000 rw-p 00000000 00:00 0 
6b0ff000-6b107000 rw-p 00000000 00:00 0 
6b107000-6b13f000 rw-p 00000000 00:00 0 
6b13f000-6b157000 rw-p 00000000 00:00 0 
6b157000-6b294000 rw-p 00000000 00:00 0 
6b294000-6b315000 rw-p 00000000 00:00 0 
6b315000-6b33f000 rw-p 00000000 00:00 0 
6b33f000-6c340000 rw-p 00000000 00:00 0 
6c340000-73340000 rw-p 00000000 00:00 0 
73340000-76280000 rw-p 00000000 00:00 0 
76280000-9ddc0000 rw-p 00000000 00:00 0 
9ddc0000-adec0000 rw-p 00000000 00:00 0 
b3340000-b334a000 rw-p 00000000 00:00 0 
b334a000-b3400000 rw-p 00000000 00:00 0 
b3400000-b3660000 rwxp 00000000 00:00 0 
b3660000-b64ff000 rw-p 00000000 00:00 0 
b64ff000-b6500000 ---p 00000000 00:00 0 
b6500000-b6501000 r--s 00002000 08:01 7741294    /usr/lib/jvm/java-7-openjdk-i386/jre/lib/ext/dnsns.jar
b6501000-b6503000 r--s 0000f000 08:01 7741296    /usr/lib/jvm/java-7-openjdk-i386/jre/lib/ext/pulse-java.jar
b6503000-b6507000 r--s 0003b000 08:01 7741291    /usr/lib/jvm/java-7-openjdk-i386/jre/lib/ext/sunpkcs11.jar
b6507000-b650f000 rw-p 00000000 00:00 0 
b650f000-b6547000 rw-p 00000000 00:00 0 
b6547000-b6552000 r-xp 00000000 08:01 6292366    /lib/i386-linux-gnu/libnss_files-2.17.so
b6552000-b6553000 r--p 0000a000 08:01 6292366    /lib/i386-linux-gnu/libnss_files-2.17.so
b6553000-b6554000 rw-p 0000b000 08:01 6292366    /lib/i386-linux-gnu/libnss_files-2.17.so
b6554000-b655e000 r-xp 00000000 08:01 6292370    /lib/i386-linux-gnu/libnss_nis-2.17.so
b655e000-b655f000 r--p 00009000 08:01 6292370    /lib/i386-linux-gnu/libnss_nis-2.17.so
b655f000-b6560000 rw-p 0000a000 08:01 6292370    /lib/i386-linux-gnu/libnss_nis-2.17.so
b6560000-b6575000 r-xp 00000000 08:01 6292360    /lib/i386-linux-gnu/libnsl-2.17.so
b6575000-b6576000 r--p 00014000 08:01 6292360    /lib/i386-linux-gnu/libnsl-2.17.so
b6576000-b6577000 rw-p 00015000 08:01 6292360    /lib/i386-linux-gnu/libnsl-2.17.so
b6577000-b6579000 rw-p 00000000 00:00 0 
b6579000-b6580000 r-xp 00000000 08:01 6292362    /lib/i386-linux-gnu/libnss_compat-2.17.so
b6580000-b6581000 r--p 00006000 08:01 6292362    /lib/i386-linux-gnu/libnss_compat-2.17.so
b6581000-b6582000 rw-p 00007000 08:01 6292362    /lib/i386-linux-gnu/libnss_compat-2.17.so
b6582000-b6584000 r--s 00012000 08:01 7741295    /usr/lib/jvm/java-7-openjdk-i386/jre/lib/ext/zipfs.jar
b6584000-b658c000 r-xp 00000000 08:01 7741231    /usr/lib/jvm/java-7-openjdk-i386/jre/lib/i386/libzip.so
b658c000-b658d000 r--p 00007000 08:01 7741231    /usr/lib/jvm/java-7-openjdk-i386/jre/lib/i386/libzip.so
b658d000-b658e000 rw-p 00008000 08:01 7741231    /usr/lib/jvm/java-7-openjdk-i386/jre/lib/i386/libzip.so
b658e000-b6596000 rw-s 00000000 08:01 3943465    /tmp/hsperfdata_pratap/17409
b6596000-b65bd000 r-xp 00000000 08:01 7741226    /usr/lib/jvm/java-7-openjdk-i386/jre/lib/i386/libjava.so
b65bd000-b65be000 r--p 00026000 08:01 7741226    /usr/lib/jvm/java-7-openjdk-i386/jre/lib/i386/libjava.so
b65be000-b65bf000 rw-p 00027000 08:01 7741226    /usr/lib/jvm/java-7-openjdk-i386/jre/lib/i386/libjava.so
b65bf000-b65c6000 r-xp 00000000 08:01 6292413    /lib/i386-linux-gnu/librt-2.17.so
b65c6000-b65c7000 r--p 00006000 08:01 6292413    /lib/i386-linux-gnu/librt-2.17.so
b65c7000-b65c8000 rw-p 00007000 08:01 6292413    /lib/i386-linux-gnu/librt-2.17.so
b65c8000-b65cb000 ---p 00000000 00:00 0 
b65cb000-b6619000 rw-p 00000000 00:00 0          [stack:17415]
b6619000-b6634000 r-xp 00000000 08:01 6292318    /lib/i386-linux-gnu/libgcc_s.so.1
b6634000-b6635000 r--p 0001a000 08:01 6292318    /lib/i386-linux-gnu/libgcc_s.so.1
b6635000-b6636000 rw-p 0001b000 08:01 6292318    /lib/i386-linux-gnu/libgcc_s.so.1
b6636000-b6677000 r-xp 00000000 08:01 6292341    /lib/i386-linux-gnu/libm-2.17.so
b6677000-b6678000 r--p 00040000 08:01 6292341    /lib/i386-linux-gnu/libm-2.17.so
b6678000-b6679000 rw-p 00041000 08:01 6292341    /lib/i386-linux-gnu/libm-2.17.so
b6679000-b6755000 r-xp 00000000 08:01 7608078    /usr/lib/i386-linux-gnu/libstdc++.so.6.0.17
b6755000-b6756000 ---p 000dc000 08:01 7608078    /usr/lib/i386-linux-gnu/libstdc++.so.6.0.17
b6756000-b675a000 r--p 000dc000 08:01 7608078    /usr/lib/i386-linux-gnu/libstdc++.so.6.0.17
b675a000-b675b000 rw-p 000e0000 08:01 7608078    /usr/lib/i386-linux-gnu/libstdc++.so.6.0.17
b675b000-b6762000 rw-p 00000000 00:00 0 
b6762000-b7107000 r-xp 00000000 08:01 7741245    /usr/lib/jvm/java-7-openjdk-i386/jre/lib/i386/server/libjvm.so
b7107000-b7108000 ---p 009a5000 08:01 7741245    /usr/lib/jvm/java-7-openjdk-i386/jre/lib/i386/server/libjvm.so
b7108000-b715d000 r--p 009a5000 08:01 7741245    /usr/lib/jvm/java-7-openjdk-i386/jre/lib/i386/server/libjvm.so
b715d000-b7171000 rw-p 009fa000 08:01 7741245    /usr/lib/jvm/java-7-openjdk-i386/jre/lib/i386/server/libjvm.so
b7171000-b758f000 rw-p 00000000 00:00 0 
b758f000-b75a6000 r-xp 00000000 08:01 6292446    /lib/i386-linux-gnu/libz.so.1.2.7
b75a6000-b75a7000 r--p 00016000 08:01 6292446    /lib/i386-linux-gnu/libz.so.1.2.7
b75a7000-b75a8000 rw-p 00017000 08:01 6292446    /lib/i386-linux-gnu/libz.so.1.2.7
b75a8000-b75bf000 r-xp 00000000 08:01 6292405    /lib/i386-linux-gnu/libpthread-2.17.so
b75bf000-b75c0000 r--p 00016000 08:01 6292405    /lib/i386-linux-gnu/libpthread-2.17.so
b75c0000-b75c1000 rw-p 00017000 08:01 6292405    /lib/i386-linux-gnu/libpthread-2.17.so
b75c1000-b75c3000 rw-p 00000000 00:00 0 
b75c3000-b75c6000 r-xp 00000000 08:01 6292308    /lib/i386-linux-gnu/libdl-2.17.so
b75c6000-b75c7000 r--p 00002000 08:01 6292308    /lib/i386-linux-gnu/libdl-2.17.so
b75c7000-b75c8000 rw-p 00003000 08:01 6292308    /lib/i386-linux-gnu/libdl-2.17.so
b75c8000-b7775000 r-xp 00000000 08:01 6292293    /lib/i386-linux-gnu/libc-2.17.so
b7775000-b7777000 r--p 001ad000 08:01 6292293    /lib/i386-linux-gnu/libc-2.17.so
b7777000-b7778000 rw-p 001af000 08:01 6292293    /lib/i386-linux-gnu/libc-2.17.so
b7778000-b777c000 rw-p 00000000 00:00 0 
b777c000-b777e000 r--s 00006000 08:01 8006260    /usr/share/java/java-atk-wrapper.jar
b777e000-b777f000 r--p 005db000 08:01 7610930    /usr/lib/locale/locale-archive
b777f000-b7780000 rw-p 00000000 00:00 0 
b7780000-b7781000 ---p 00000000 00:00 0 
b7781000-b778e000 r-xp 00000000 08:01 7741252    /usr/lib/jvm/java-7-openjdk-i386/jre/lib/i386/libverify.so
b778e000-b778f000 r--p 0000d000 08:01 7741252    /usr/lib/jvm/java-7-openjdk-i386/jre/lib/i386/libverify.so
b778f000-b7790000 rw-p 0000e000 08:01 7741252    /usr/lib/jvm/java-7-openjdk-i386/jre/lib/i386/libverify.so
b7790000-b779d000 r-xp 00000000 08:01 7741235    /usr/lib/jvm/java-7-openjdk-i386/jre/lib/i386/jli/libjli.so
b779d000-b779e000 r--p 0000c000 08:01 7741235    /usr/lib/jvm/java-7-openjdk-i386/jre/lib/i386/jli/libjli.so
b779e000-b779f000 rw-p 0000d000 08:01 7741235    /usr/lib/jvm/java-7-openjdk-i386/jre/lib/i386/jli/libjli.so
b779f000-b77a1000 rw-p 00000000 00:00 0 
b77a1000-b77a2000 r-xp 00000000 00:00 0          [vdso]
b77a2000-b77c2000 r-xp 00000000 08:01 6292269    /lib/i386-linux-gnu/ld-2.17.so
b77c2000-b77c3000 r--p 0001f000 08:01 6292269    /lib/i386-linux-gnu/ld-2.17.so
b77c3000-b77c4000 rw-p 00020000 08:01 6292269    /lib/i386-linux-gnu/ld-2.17.so
bfdef000-bfe11000 rw-p 00000000 00:00 0          [stack]

VM Arguments:
jvm_args: -Xmx1024M -Dfile.encoding=UTF-8 -Duser.country=IN -Duser.language=en -Duser.variant 
java_command: com.android.dx.command.Main --dex --output /home/pratap/Videos/TrashFolder/ProgrammingSkills/app/build/intermediates/dex/debug /home/pratap/Videos/TrashFolder/ProgrammingSkills/app/build/intermediates/classes/debug /home/pratap/Videos/TrashFolder/ProgrammingSkills/app/build/intermediates/pre-dexed/debug/support-annotations-22.0.0-157949cccc5d3de553b4651e2c0582b3f3558cb0.jar /home/pratap/Videos/TrashFolder/ProgrammingSkills/app/build/intermediates/pre-dexed/debug/classes-0bf5aca82b53e58ef32243cc0190392ecc1ed51b.jar /home/pratap/Videos/TrashFolder/ProgrammingSkills/app/build/intermediates/pre-dexed/debug/classes-cf8524d9f9e32808d2b9b782986ceedd705a5a2d.jar /home/pratap/Videos/TrashFolder/ProgrammingSkills/app/build/intermediates/pre-dexed/debug/classes-2353f20e227a752c42310dcfca6d2c0015bc228b.jar /home/pratap/Videos/TrashFolder/ProgrammingSkills/app/build/intermediates/pre-dexed/debug/classes-06adf48d9749bdb8b97b169a0d06608208726705.jar /home/pratap/Videos/TrashFolder/ProgrammingSkills/app/build/intermediates/pre-dexed/debug/classes-134aa6e6b558f79db262eb03f275d1b7926fc7aa.jar /home/pratap/Videos/TrashFolder/ProgrammingSkills/app/build/intermediates/pre-dexed/debug/httpmime-4.3.6-dda7cfe5c252ae5765ea5ab62430981fcbe4dc66.jar /home/pratap/Videos/TrashFolder/ProgrammingSkills/app/build/intermediates/pre-dexed/debug/classes-8e651e15e028cc20410e22a14b230a7e1021083a.jar /home/pratap/Videos/TrashFolder/ProgrammingSkills/app/build/intermediates/pre-dexed/debug/classes-7c4dda9566c1350179b53b3eaf7a8695d08b3c60.jar /home/pratap/Videos/TrashFolder/ProgrammingSkills/app/build/intermediates/pre-dexed/debug/classes-448ba39ead371f9406f40cb22bef681026a984c3.jar /home/pratap/Videos/TrashFolder/ProgrammingSkills/app/build/intermediates/pre-dexed/debug/library-1.0.15-e5e85980513e6d60842b31771ed01246f6190e1f.jar /home/pratap/Videos/TrashFolder/ProgrammingSkills/app/build/intermediates/pre-dexed/debug/classes-ae47d0827a3dfbe8ad0eae3be4b007c30f030ebb.jar /home/pratap/Videos/
Launcher Type: SUN_STANDARD

Environment Variables:
JAVA_HOME=/usr/lib/jvm/jdk1.7.0
PATH=/usr/lib/lightdm/lightdm:/usr/local/sbin:/usr/local/bin:/usr/sbin:/usr/bin:/sbin:/bin:/usr/games:/usr/local/games:/home/pratap/bin:/usr/lib/jvm/jdk1.7.0/bin
LD_LIBRARY_PATH=.:
SHELL=/bin/bash
DISPLAY=:0

Signal Handlers:
SIGSEGV: [libjvm.so+0x7e6440], sa_mask[0]=0x7ffbfeff, sa_flags=0x10000004
SIGBUS: [libjvm.so+0x7e6440], sa_mask[0]=0x7ffbfeff, sa_flags=0x10000004
SIGFPE: [libjvm.so+0x663310], sa_mask[0]=0x7ffbfeff, sa_flags=0x10000004
SIGPIPE: [libjvm.so+0x663310], sa_mask[0]=0x7ffbfeff, sa_flags=0x10000004
SIGXFSZ: [libjvm.so+0x663310], sa_mask[0]=0x7ffbfeff, sa_flags=0x10000004
SIGILL: [libjvm.so+0x663310], sa_mask[0]=0x7ffbfeff, sa_flags=0x10000004
SIGUSR1: SIG_DFL, sa_mask[0]=0x00000000, sa_flags=0x00000000
SIGUSR2: [libjvm.so+0x663450], sa_mask[0]=0x00000004, sa_flags=0x10000004
SIGHUP: [libjvm.so+0x663840], sa_mask[0]=0x7ffbfeff, sa_flags=0x10000004
SIGINT: [libjvm.so+0x663840], sa_mask[0]=0x7ffbfeff, sa_flags=0x10000004
SIGTERM: [libjvm.so+0x663840], sa_mask[0]=0x7ffbfeff, sa_flags=0x10000004
SIGQUIT: [libjvm.so+0x663840], sa_mask[0]=0x7ffbfeff, sa_flags=0x10000004


---------------  S Y S T E M  ---------------

OS:Ubuntu 13.04 (raring)
uname:Linux 3.8.0-19-generic #29-Ubuntu SMP Wed Apr 17 18:19:42 UTC 2013 i686
libc:glibc 2.17 NPTL 2.17 
rlimit: STACK 8192k, CORE 0k, NPROC 24053, NOFILE 4096, AS infinity
load average:3.69 2.56 2.28

/proc/meminfo:
MemTotal:        3095216 kB
MemFree:          181872 kB
Buffers:             528 kB
Cached:           190844 kB
SwapCached:        10656 kB
Active:          2060220 kB
Inactive:         777932 kB
Active(anon):    2057000 kB
Inactive(anon):   771208 kB
Active(file):       3220 kB
Inactive(file):     6724 kB
Unevictable:          16 kB
Mlocked:              16 kB
HighTotal:       2224072 kB
HighFree:          52844 kB
LowTotal:         871144 kB
LowFree:          129028 kB
SwapTotal:       1038332 kB
SwapFree:              0 kB
Dirty:               104 kB
Writeback:             0 kB
AnonPages:       2636716 kB
Mapped:            38824 kB
Shmem:            181216 kB
Slab:              36700 kB
SReclaimable:      19484 kB
SUnreclaim:        17216 kB
KernelStack:        4576 kB
PageTables:        16260 kB
NFS_Unstable:          0 kB
Bounce:                0 kB
WritebackTmp:          0 kB
CommitLimit:     2585940 kB
Committed_AS:    7494004 kB
VmallocTotal:     122880 kB
VmallocUsed:       10272 kB
VmallocChunk:     111184 kB
HardwareCorrupted:     0 kB
AnonHugePages:         0 kB
HugePages_Total:       0
HugePages_Free:        0
HugePages_Rsvd:        0
HugePages_Surp:        0
Hugepagesize:       2048 kB
DirectMap4k:       14328 kB
DirectMap2M:      899072 kB


CPU:total 2 (2 cores per cpu, 1 threads per core) family 6 model 15 stepping 13, cmov, cx8, fxsr, mmx, sse, sse2, sse3, ssse3, tsc

/proc/cpuinfo:
processor	: 0
vendor_id	: GenuineIntel
cpu family	: 6
model		: 15
model name	: Intel(R) Core(TM)2 Duo CPU     E4500  @ 2.20GHz
stepping	: 13
microcode	: 0xa1
cpu MHz		: 1600.000
cache size	: 2048 KB
physical id	: 0
siblings	: 2
core id		: 0
cpu cores	: 2
apicid		: 0
initial apicid	: 0
fdiv_bug	: no
hlt_bug		: no
f00f_bug	: no
coma_bug	: no
fpu		: yes
fpu_exception	: yes
cpuid level	: 10
wp		: yes
flags		: fpu vme de pse tsc msr pae mce cx8 apic sep mtrr pge mca cmov pat pse36 clflush dts acpi mmx fxsr sse sse2 ss ht tm pbe nx lm constant_tsc arch_perfmon pebs bts aperfmperf pni dtes64 monitor ds_cpl est tm2 ssse3 cx16 xtpr pdcm lahf_lm dtherm
bogomips	: 4389.13
clflush size	: 64
cache_alignment	: 64
address sizes	: 36 bits physical, 48 bits virtual
power management:

processor	: 1
vendor_id	: GenuineIntel
cpu family	: 6
model		: 15
model name	: Intel(R) Core(TM)2 Duo CPU     E4500  @ 2.20GHz
stepping	: 13
microcode	: 0xa1
cpu MHz		: 1600.000
cache size	: 2048 KB
physical id	: 0
siblings	: 2
core id		: 1
cpu cores	: 2
apicid		: 1
initial apicid	: 1
fdiv_bug	: no
hlt_bug		: no
f00f_bug	: no
coma_bug	: no
fpu		: yes
fpu_exception	: yes
cpuid level	: 10
wp		: yes
flags		: fpu vme de pse tsc msr pae mce cx8 apic sep mtrr pge mca cmov pat pse36 clflush dts acpi mmx fxsr sse sse2 ss ht tm pbe nx lm constant_tsc arch_perfmon pebs bts aperfmperf pni dtes64 monitor ds_cpl est tm2 ssse3 cx16 xtpr pdcm lahf_lm dtherm
bogomips	: 4389.13
clflush size	: 64
cache_alignment	: 64
address sizes	: 36 bits physical, 48 bits virtual
power management:



Memory: 4k page, physical 3095216k(181872k free), swap 1038332k(0k free)

vm_info: OpenJDK Server VM (24.45-b08) for linux-x86 JRE (1.7.0_51-b00), built on Jan 16 2014 18:19:56 by "buildd" with gcc 4.7.3

time: Sun May 17 13:30:10 2015
elapsed time: 27 seconds

